<?xml version="1.0" encoding="UTF-8"?>
<!-- Generated by org.testng.reporters.JUnitXMLReporter -->
<testsuite hostname="Puneeth-PC" ignored="0" name="Default test" tests="3" failures="0" timestamp="10 Jun 2018 17:16:00 GMT" time="0.11" errors="0">
  <testcase name="createCustomerTest" time="0.025" classname="com.acctime.customer.createCustomerTest"/>
  <testcase name="deleteCustomerTest" time="0.004" classname="com.acctime.customer.createCustomerTest"/>
  <testcase name="modifyCustomerTest" time="0.004" classname="com.acctime.customer.createCustomerTest"/>
</testsuite> <!-- Default test -->
