<?xml version="1.0" encoding="UTF-8"?>
<testng-results skipped="0" failed="0" ignored="0" total="3" passed="3">
  <reporter-output>
  </reporter-output>
  <suite name="Default suite" duration-ms="110" started-at="2018-06-10T17:16:00Z" finished-at="2018-06-10T17:16:00Z">
    <groups>
    </groups>
    <test name="Default test" duration-ms="110" started-at="2018-06-10T17:16:00Z" finished-at="2018-06-10T17:16:00Z">
      <class name="com.acctime.customer.createCustomerTest">
        <test-method status="PASS" signature="createCustomerTest()[pri:0, instance:com.acctime.customer.createCustomerTest@5dfcfece]" name="createCustomerTest" duration-ms="25" started-at="2018-06-10T17:16:00Z" finished-at="2018-06-10T17:16:00Z">
          <reporter-output>
          </reporter-output>
        </test-method> <!-- createCustomerTest -->
        <test-method status="PASS" signature="deleteCustomerTest()[pri:0, instance:com.acctime.customer.createCustomerTest@5dfcfece]" name="deleteCustomerTest" duration-ms="4" started-at="2018-06-10T17:16:00Z" finished-at="2018-06-10T17:16:00Z">
          <reporter-output>
          </reporter-output>
        </test-method> <!-- deleteCustomerTest -->
        <test-method status="PASS" signature="modifyCustomerTest()[pri:0, instance:com.acctime.customer.createCustomerTest@5dfcfece]" name="modifyCustomerTest" duration-ms="4" started-at="2018-06-10T17:16:00Z" finished-at="2018-06-10T17:16:00Z">
          <reporter-output>
          </reporter-output>
        </test-method> <!-- modifyCustomerTest -->
      </class> <!-- com.acctime.customer.createCustomerTest -->
    </test> <!-- Default test -->
  </suite> <!-- Default suite -->
</testng-results>
